[2016-08-06 14:55:07 #33401.1]	WARNING	swFactoryProcess_dispatch: dispatch[type=4] failed, connection#65[session_id=1514] is closed by server.
[2016-08-06 14:55:07 #33401.0]	WARNING	swReactorKqueue_wait: kqueue event unknow filter=-1
[2016-08-06 14:55:07 *33408.5]	ERROR	swFactoryProcess_finish (ERROR 1004): send 31 byte failed, because session#1516 is closed.
[2016-08-06 14:55:07 #33401.3]	WARNING	swReactorKqueue_wait: kqueue event unknow filter=-1
[2016-08-06 14:55:07 #33401.3]	WARNING	swFactoryProcess_dispatch: dispatch[type=4] failed, connection#35[session_id=1515] is closed by server.
[2016-08-06 14:55:07 #33401.3]	WARNING	swFactoryProcess_dispatch: dispatch[type=4] failed, connection#51[session_id=1711] is closed by server.
[2016-08-06 14:55:07 #33401.3]	WARNING	swReactorKqueue_wait: kqueue event unknow filter=-1
[2016-08-06 14:55:07 #33401.3]	WARNING	swReactorKqueue_wait: kqueue event unknow filter=-1
[2016-08-06 14:55:07 *33412.9]	ERROR	swFactoryProcess_finish (ERROR 1004): send 31 byte failed, because session#1694 is closed.
[2016-08-06 14:55:07 *33406.3]	ERROR	swFactoryProcess_finish (ERROR 1004): send 31 byte failed, because session#1634 is closed.
[2016-08-06 14:55:07 *33412.9]	ERROR	swFactoryProcess_finish (ERROR 1004): send 31 byte failed, because session#1696 is closed.
[2016-08-06 14:55:07 *33412.9]	ERROR	swFactoryProcess_finish (ERROR 1004): send 31 byte failed, because session#1718 is closed.
[2016-08-06 14:55:07 *33409.6]	ERROR	swFactoryProcess_finish (ERROR 1004): send 31 byte failed, because session#1647 is closed.
[2016-08-06 14:55:07 *33409.6]	ERROR	swFactoryProcess_finish (ERROR 1004): send 31 byte failed, because session#1657 is closed.
[2016-08-06 14:55:07 *33409.6]	ERROR	swFactoryProcess_finish (ERROR 1004): send 31 byte failed, because session#1660 is closed.
[2016-08-06 14:55:07 *33410.7]	ERROR	swFactoryProcess_finish (ERROR 1004): send 31 byte failed, because session#1630 is closed.
[2016-08-06 14:55:07 *33410.7]	ERROR	swFactoryProcess_finish (ERROR 1004): send 31 byte failed, because session#1635 is closed.
[2016-08-06 14:55:07 *33411.8]	ERROR	swFactoryProcess_finish (ERROR 1004): send 31 byte failed, because session#1706 is closed.
[2016-08-06 14:55:07 *33405.2]	ERROR	swFactoryProcess_finish (ERROR 1004): send 31 byte failed, because session#1624 is closed.
[2016-08-06 14:55:07 *33404.1]	ERROR	swFactoryProcess_finish (ERROR 1004): send 31 byte failed, because session#1722 is closed.
[2016-08-06 14:55:07 *33410.7]	ERROR	swFactoryProcess_finish (ERROR 1004): send 31 byte failed, because session#1641 is closed.
[2016-08-06 14:55:07 *33404.1]	ERROR	swFactoryProcess_finish (ERROR 1004): send 31 byte failed, because session#1725 is closed.
[2016-08-06 14:55:07 *33411.8]	ERROR	swFactoryProcess_finish (ERROR 1004): send 31 byte failed, because session#1709 is closed.
[2016-08-06 14:55:07 *33407.4]	ERROR	swFactoryProcess_finish (ERROR 1004): send 31 byte failed, because session#1728 is closed.
[2016-08-06 14:55:07 *33407.4]	ERROR	swFactoryProcess_finish (ERROR 1004): send 31 byte failed, because session#1730 is closed.
[2016-08-06 14:55:07 *33407.4]	ERROR	swFactoryProcess_finish (ERROR 1004): send 31 byte failed, because session#1732 is closed.
[2016-08-06 14:55:07 *33406.3]	ERROR	swFactoryProcess_finish (ERROR 1004): send 31 byte failed, because session#1638 is closed.
[2016-08-06 14:55:07 *33409.6]	ERROR	swFactoryProcess_finish (ERROR 1004): send 31 byte failed, because session#1674 is closed.
[2016-08-06 14:55:07 *33407.4]	ERROR	swFactoryProcess_finish (ERROR 1004): send 31 byte failed, because session#1739 is closed.
[2016-08-06 14:55:07 *33405.2]	ERROR	swFactoryProcess_finish (ERROR 1004): send 31 byte failed, because session#1628 is closed.
[2016-08-06 14:55:07 *33405.2]	ERROR	swFactoryProcess_finish (ERROR 1004): send 31 byte failed, because session#1633 is closed.
[2016-08-06 14:55:07 *33405.2]	ERROR	swFactoryProcess_finish (ERROR 1004): send 31 byte failed, because session#1632 is closed.
[2016-08-06 14:55:07 *33410.7]	ERROR	swFactoryProcess_finish (ERROR 1004): send 31 byte failed, because session#1648 is closed.
[2016-08-06 14:55:07 *33404.1]	ERROR	swFactoryProcess_finish (ERROR 1004): send 31 byte failed, because session#1726 is closed.
[2016-08-06 14:55:07 *33405.2]	ERROR	swFactoryProcess_finish (ERROR 1004): send 31 byte failed, because session#1652 is closed.
[2016-08-06 14:55:07 *33410.7]	ERROR	swFactoryProcess_finish (ERROR 1004): send 31 byte failed, because session#1675 is closed.
[2016-08-06 14:55:07 *33404.1]	ERROR	swFactoryProcess_finish (ERROR 1004): send 31 byte failed, because session#1729 is closed.
[2016-08-06 14:55:07 *33411.8]	ERROR	swFactoryProcess_finish (ERROR 1004): send 31 byte failed, because session#1714 is closed.
[2016-08-06 14:55:07 *33411.8]	ERROR	swFactoryProcess_finish (ERROR 1004): send 31 byte failed, because session#1733 is closed.
[2016-08-06 14:55:07 *33406.3]	ERROR	swFactoryProcess_finish (ERROR 1004): send 31 byte failed, because session#1654 is closed.
[2016-08-06 14:55:07 *33403.0]	ERROR	swFactoryProcess_finish (ERROR 1004): send 31 byte failed, because session#1724 is closed.
[2016-08-06 14:55:07 *33408.5]	ERROR	swFactoryProcess_finish (ERROR 1004): send 31 byte failed, because session#1517 is closed.
[2016-08-06 14:55:07 *33406.3]	ERROR	swFactoryProcess_finish (ERROR 1004): send 31 byte failed, because session#1671 is closed.
[2016-08-06 14:55:07 *33403.0]	ERROR	swFactoryProcess_finish (ERROR 1004): send 31 byte failed, because session#1727 is closed.
[2016-08-06 14:55:07 *33408.5]	ERROR	swFactoryProcess_finish (ERROR 1004): send 31 byte failed, because session#1518 is closed.
[2016-08-06 14:55:07 *33406.3]	ERROR	swFactoryProcess_finish (ERROR 1004): send 31 byte failed, because session#1735 is closed.
[2016-08-06 14:55:07 *33403.0]	ERROR	swFactoryProcess_finish (ERROR 1004): send 31 byte failed, because session#1731 is closed.
[2016-08-06 14:55:07 *33408.5]	ERROR	swFactoryProcess_finish (ERROR 1004): send 31 byte failed, because session#1520 is closed.
[2016-08-06 14:55:07 *33403.0]	ERROR	swFactoryProcess_finish (ERROR 1004): send 31 byte failed, because session#1734 is closed.
[2016-08-06 14:55:07 *33408.5]	ERROR	swFactoryProcess_finish (ERROR 1004): send 31 byte failed, because session#1521 is closed.
[2016-08-06 14:55:07 *33403.0]	ERROR	swFactoryProcess_finish (ERROR 1004): send 31 byte failed, because session#1736 is closed.
[2016-08-06 14:55:07 *33408.5]	ERROR	swFactoryProcess_finish (ERROR 1004): send 31 byte failed, because session#1522 is closed.
[2016-08-06 14:55:07 *33408.5]	ERROR	swFactoryProcess_finish (ERROR 1004): send 31 byte failed, because session#1525 is closed.
[2016-08-06 14:55:07 *33408.5]	ERROR	swFactoryProcess_finish (ERROR 1004): send 31 byte failed, because session#1529 is closed.
[2016-08-06 14:55:07 *33408.5]	ERROR	swFactoryProcess_finish (ERROR 1004): send 31 byte failed, because session#1530 is closed.
[2016-08-06 14:55:07 *33408.5]	ERROR	swFactoryProcess_finish (ERROR 1004): send 31 byte failed, because session#1531 is closed.
[2016-08-06 14:55:07 *33408.5]	ERROR	swFactoryProcess_finish (ERROR 1004): send 31 byte failed, because session#1534 is closed.
[2016-08-06 14:55:07 *33408.5]	ERROR	swFactoryProcess_finish (ERROR 1004): send 31 byte failed, because session#1561 is closed.
[2016-08-06 14:55:07 *33408.5]	ERROR	swFactoryProcess_finish (ERROR 1004): send 31 byte failed, because session#1737 is closed.
[2016-08-06 14:55:07 *33408.5]	ERROR	swFactoryProcess_finish (ERROR 1004): send 31 byte failed, because session#1738 is closed.
[2016-08-06 21:33:02 *35880.2]	ERROR	zm_deactivate_swoole (ERROR 103): Fatal error: Interface 'kawaii\base\RequestInterface' not found in /develop/kawaii/src/web/Request.php on line 18.
[2016-08-06 21:33:02 $35877.0]	WARNING	swManager_check_exit_status: worker#2 abnormal exit, status=255, signal=0
[2016-08-06 23:44:58 *37120.2]	ERROR	zm_deactivate_swoole (ERROR 103): Fatal error: Unsupported operand types in /develop/kawaii/src/http/Request.php on line 161.
[2016-08-06 23:44:58 $37117.0]	WARNING	swManager_check_exit_status: worker#2 abnormal exit, status=255, signal=0
[2016-08-07 11:31:08 *38652.2]	ERROR	zm_deactivate_swoole (ERROR 103): Fatal error: Cannot redeclare class app\controllers\SiteController in /develop/kawaii/demo/app/controllers/SiteController.php on line 45.
[2016-08-07 11:31:09 $38649.0]	WARNING	swManager_check_exit_status: worker#2 abnormal exit, status=255, signal=0
